<?xml version="1.0" encoding="UTF-8"?>
<testng-results skipped="0" failed="0" ignored="0" total="1" passed="1">
  <reporter-output>
  </reporter-output>
  <suite name="Suite" duration-ms="78272" started-at="2019-05-19T08:06:17Z" finished-at="2019-05-19T08:07:36Z">
    <groups>
    </groups>
    <test name="Test" duration-ms="78272" started-at="2019-05-19T08:06:17Z" finished-at="2019-05-19T08:07:36Z">
      <class name="com.amazon.test.LoginTest">
        <test-method status="PASS" signature="testLogin()[pri:0, instance:com.amazon.test.LoginTest@fc185]" name="testLogin" duration-ms="78247" started-at="2019-05-19T13:36:17Z" finished-at="2019-05-19T13:37:36Z">
          <reporter-output>
          </reporter-output>
        </test-method> <!-- testLogin -->
      </class> <!-- com.amazon.test.LoginTest -->
    </test> <!-- Test -->
  </suite> <!-- Suite -->
</testng-results>
